Build started 8/30/2016 8:08:09 PM.
     1>Project "C:\PerforceWork\Studios\1606 - Sakaruba Studios\Space Yeti\ProtoTowers\ProtoTowers\ProtoTowers.vcxproj" on node 2 (Build target(s)).
     1>ClCompile:
         C:\Program Files (x86)\Microsoft Visual Studio 12.0\VC\bin\x86_amd64\CL.exe /c /I"C:\PerforceWork\Studios\1606 - Sakaruba Studios\Space Yeti\ProtoTowers\InfernoEngine\Inc\Core\Public" /I"C:\PerforceWork\Studios\1606 - Sakaruba Studios\Space Yeti\ProtoTowers\InfernoEngine\Inc\Utilities\Public" /I"C:\PerforceWork\Studios\1606 - Sakaruba Studios\Space Yeti\ProtoTowers\InfernoEngine\Inc\Interface\Public" /I"C:\PerforceWork\Studios\1606 - Sakaruba Studios\Space Yeti\ProtoTowers\ProtoTowers" /I"C:\Program Files (x86)\Microsoft Visual Studio 12.0\VC\include" /I"C:\Program Files (x86)\Microsoft Visual Studio 12.0\VC\atlmfc\include" /I"C:\Program Files (x86)\Windows Kits\8.1\Include\um" /I"C:\Program Files (x86)\Windows Kits\8.1\Include\shared" /I"C:\Program Files (x86)\Windows Kits\8.1\Include\winrt" /I"C:\Program Files (x86)\Visual Leak Detector\include" /Zi /nologo /W3 /WX- /Od /D WIN32 /D _WIN32_WINNT=0x0601 /D _DEBUG /D _WINDOWS /D _UNICODE /D UNICODE /Gm /EHsc /RTC1 /MDd /GS /fp:precise /Zc:wchar_t /Zc:forScope /Yc"stdafx.h" /Fp"x64\Debug\ProtoTowers.pch" /Fo"x64\Debug\\" /Fd"x64\Debug\vc120.pdb" /Gd /TP /errorReport:prompt stdafx.cpp
         stdafx.cpp
         C:\Program Files (x86)\Microsoft Visual Studio 12.0\VC\bin\x86_amd64\CL.exe /c /I"C:\PerforceWork\Studios\1606 - Sakaruba Studios\Space Yeti\ProtoTowers\InfernoEngine\Inc\Core\Public" /I"C:\PerforceWork\Studios\1606 - Sakaruba Studios\Space Yeti\ProtoTowers\InfernoEngine\Inc\Utilities\Public" /I"C:\PerforceWork\Studios\1606 - Sakaruba Studios\Space Yeti\ProtoTowers\InfernoEngine\Inc\Interface\Public" /I"C:\PerforceWork\Studios\1606 - Sakaruba Studios\Space Yeti\ProtoTowers\ProtoTowers" /I"C:\Program Files (x86)\Microsoft Visual Studio 12.0\VC\include" /I"C:\Program Files (x86)\Microsoft Visual Studio 12.0\VC\atlmfc\include" /I"C:\Program Files (x86)\Windows Kits\8.1\Include\um" /I"C:\Program Files (x86)\Windows Kits\8.1\Include\shared" /I"C:\Program Files (x86)\Windows Kits\8.1\Include\winrt" /I"C:\Program Files (x86)\Visual Leak Detector\include" /Zi /nologo /W3 /WX- /Od /D WIN32 /D _WIN32_WINNT=0x0601 /D _DEBUG /D _WINDOWS /D _UNICODE /D UNICODE /Gm /EHsc /RTC1 /MDd /GS /fp:precise /Zc:wchar_t /Zc:forScope /Yu"stdafx.h" /Fp"x64\Debug\ProtoTowers.pch" /Fo"x64\Debug\\" /Fd"x64\Debug\vc120.pdb" /Gd /TP /errorReport:prompt Components\3rdPersonCamera.cpp Components\Ability.cpp Components\AbilityFlyIn.cpp Components\AbilityFlyInPrefab.cpp Components\AbilityPanelScript.cpp Components\AfterCutscenePrompt.cpp Components\AIEntity.cpp Components\AlertMessage.cpp Components\AlertMessagePrefab.cpp Components\AOEDamage.cpp Components\BackgroundMusic.cpp Components\Barrier.cpp Components\BarrierButton.cpp Components\BaseProjectile.cpp Components\BaseTower.cpp Components\BaseTurret.cpp Components\BaseWeapon.cpp Components\BossEvent.cpp Components\BossInfo.cpp Components\BossMinion.cpp Components\BossMinionMace.cpp Components\BossShockwave.cpp Components\BuffMinionSpawner.cpp Components\ControllerDisconnectPrefab.cpp Components\ControllerDisconnectScript.cpp Components\ControlPoint.cpp Components\ControlPointProgressBar.cpp Components\ControlPointProgressBarPrefab.cpp Components\CreditsMenuPrefab.cpp Components\CreditsMenuScript.cpp Components\Crosshair.cpp Components\CutScene.cpp Components\DebugProjectile.cpp Components\DelayCredits.cpp Components\EndGame.cpp Components\Entity.cpp Components\FadeAway.cpp Components\FadeAwayEffectPrefab.cpp Components\FirstMinion.cpp Components\FirstTurret.cpp Components\FirstTurretUpgrade.cpp Components\FreezeBlastWave.cpp Components\FreezeEffect.cpp Components\FreezeTower.cpp Components\FrostHUDEffect.cpp Components\FrostHUDEffectPrefab.cpp Components\HealthPickup.cpp Components\HelpScreen.cpp Components\HelpScreenPrefab.cpp Components\LoseHUDPrefab.cpp Components\MainBase.cpp Components\MainMenuPrefab.cpp Components\MainMenuScript.cpp Components\MiniMap.cpp Components\MiniMinion.cpp Components\MinionBuffAbility.cpp Components\MinionBuffEffect.cpp Components\MinionBuffWave.cpp Components\MinionSpawner.cpp Components\MinionSpawnerShield.cpp Components\MinionSpawnPoint.cpp Components\MinionWaveSpawn.cpp Components\MortarClusterProjectile.cpp Components\MortarProjectile.cpp Components\MortarTower.cpp Components\OptionsMenuPrefab.cpp Components\OptionsMenuScript.cpp Components\PauseMenu.cpp Components\PauseMenuPrefab.cpp Components\PlasmaBlaster.cpp Components\Player.cpp Components\PlayerHead.cpp Components\PlayerHUD.cpp Components\PlayerRecall.cpp Components\PlayerShieldScript.cpp Components\PoisonAOEProjectile.cpp Components\PoisonEffect.cpp Components\PoisonSprayArea.cpp Components\PoisonSprayProjectile.cpp Components\PoisonTurret.cpp Components\PopupAlert.cpp Components\RaiseBarrier.cpp Components\RangedMinion.cpp Components\Resource.cpp Components\ResourceCounter.cpp Components\ResourceCrate.cpp Components\ResourceCrateSpawner.cpp Components\ShieldAbility.cpp Components\SkipTutorial.cpp Components\SpringArm.cpp Components\StatusEffect.cpp Components\StunEffect.cpp Components\StunGernadeAbility.cpp Components\TankMinion.cpp Components\ToolTipManager.cpp Components\ToolTipPrefab.cpp Components\TowerBuildMenu.cpp Components\TowerBuildMenuPrefab.cpp Components\TowerDescription.cpp Components\TowerInfo.cpp Components\TowerNode.cpp Components\TowerOptionsPrefab.cpp Components\TowerOptionsScript.cpp Components\TowerUpgradeEffect.cpp Components\TurretProjectile.cpp Components\TutorialPrompt.cpp Components\WeaponBuffAbility.cpp Components\WeaponBuffScript.cpp Components\WinHUDPrefab.cpp Core\FreeCameraController.cpp Core\PlayerController.cpp Core\SplashScreen.cpp LookAtPlayer.cpp ProtoTowers.cpp
         ProtoTowers.cpp
         LookAtPlayer.cpp
         SplashScreen.cpp
         PlayerController.cpp
         FreeCameraController.cpp
         WinHUDPrefab.cpp
         WeaponBuffScript.cpp
         WeaponBuffAbility.cpp
         TutorialPrompt.cpp
         TurretProjectile.cpp
         TowerUpgradeEffect.cpp
         TowerOptionsScript.cpp
         TowerOptionsPrefab.cpp
         TowerNode.cpp
         TowerInfo.cpp
         TowerDescription.cpp
         TowerBuildMenuPrefab.cpp
         TowerBuildMenu.cpp
         ToolTipPrefab.cpp
         ToolTipManager.cpp
         Generating Code...
         Compiling...
         TankMinion.cpp
         StunGernadeAbility.cpp
         StunEffect.cpp
         StatusEffect.cpp
         SpringArm.cpp
         SkipTutorial.cpp
         ShieldAbility.cpp
         ResourceCrateSpawner.cpp
         ResourceCrate.cpp
         ResourceCounter.cpp
         Resource.cpp
         RangedMinion.cpp
         RaiseBarrier.cpp
         PopupAlert.cpp
         PoisonTurret.cpp
         PoisonSprayProjectile.cpp
         PoisonSprayArea.cpp
         PoisonEffect.cpp
         PoisonAOEProjectile.cpp
         PlayerShieldScript.cpp
         Generating Code...
         Compiling...
         PlayerRecall.cpp
         PlayerHUD.cpp
         PlayerHead.cpp
         Player.cpp
         PlasmaBlaster.cpp
         PauseMenuPrefab.cpp
         PauseMenu.cpp
         OptionsMenuScript.cpp
         OptionsMenuPrefab.cpp
         MortarTower.cpp
         MortarProjectile.cpp
         MortarClusterProjectile.cpp
         MinionWaveSpawn.cpp
         MinionSpawnPoint.cpp
         MinionSpawnerShield.cpp
         MinionSpawner.cpp
         MinionBuffWave.cpp
         MinionBuffEffect.cpp
         MinionBuffAbility.cpp
         MiniMinion.cpp
         Generating Code...
         Compiling...
         MiniMap.cpp
         MainMenuScript.cpp
         MainMenuPrefab.cpp
         MainBase.cpp
         LoseHUDPrefab.cpp
         HelpScreenPrefab.cpp
         HelpScreen.cpp
         HealthPickup.cpp
         FrostHUDEffectPrefab.cpp
         FrostHUDEffect.cpp
         FreezeTower.cpp
         FreezeEffect.cpp
         FreezeBlastWave.cpp
         FirstTurretUpgrade.cpp
         FirstTurret.cpp
         FirstMinion.cpp
         FadeAwayEffectPrefab.cpp
         FadeAway.cpp
         Entity.cpp
         EndGame.cpp
         Generating Code...
         Compiling...
         DelayCredits.cpp
         DebugProjectile.cpp
         CutScene.cpp
         Crosshair.cpp
         CreditsMenuScript.cpp
         CreditsMenuPrefab.cpp
         ControlPointProgressBarPrefab.cpp
         ControlPointProgressBar.cpp
         ControlPoint.cpp
         ControllerDisconnectScript.cpp
         ControllerDisconnectPrefab.cpp
         BuffMinionSpawner.cpp
         BossShockwave.cpp
         BossMinionMace.cpp
         BossMinion.cpp
         BossInfo.cpp
         BossEvent.cpp
         BaseWeapon.cpp
         BaseTurret.cpp
         BaseTower.cpp
         Generating Code...
         Compiling...
         BaseProjectile.cpp
         BarrierButton.cpp
         Barrier.cpp
         BackgroundMusic.cpp
         AOEDamage.cpp
         AlertMessagePrefab.cpp
         AlertMessage.cpp
         AIEntity.cpp
         AfterCutscenePrompt.cpp
         AbilityPanelScript.cpp
         AbilityFlyInPrefab.cpp
         AbilityFlyIn.cpp
         Ability.cpp
         3rdPersonCamera.cpp
         Generating Code...
       ResourceCompile:
         C:\Program Files (x86)\Windows Kits\8.1\bin\x86\rc.exe /D _UNICODE /D UNICODE /l"0x0409" /nologo /fo"x64\Debug\ProtoTowers.res" Resources\ProtoTowers.rc 
       Link:
         C:\Program Files (x86)\Microsoft Visual Studio 12.0\VC\bin\x86_amd64\link.exe /ERRORREPORT:PROMPT /OUT:"C:\PerforceWork\Studios\1606 - Sakaruba Studios\Space Yeti\ProtoTowers\x64\Debug\ProtoTowers.exe" /INCREMENTAL /NOLOGO /LIBPATH:"C:\Program Files (x86)\Visual Leak Detector\lib\Win64" InfernoEngine.lib kernel32.lib user32.lib gdi32.lib winspool.lib comdlg32.lib advapi32.lib shell32.lib ole32.lib oleaut32.lib uuid.lib odbc32.lib odbccp32.lib /MANIFEST /MANIFESTUAC:"level='asInvoker' uiAccess='false'" /manifest:embed /DEBUG /PDB:"C:\PerforceWork\Studios\1606 - Sakaruba Studios\Space Yeti\ProtoTowers\x64\Debug\ProtoTowers.pdb" /SUBSYSTEM:WINDOWS /TLBID:1 /DYNAMICBASE /NXCOMPAT /IMPLIB:"C:\PerforceWork\Studios\1606 - Sakaruba Studios\Space Yeti\ProtoTowers\x64\Debug\ProtoTowers.lib" /MACHINE:X64 x64\Debug\ProtoTowers.res
         x64\Debug\3rdPersonCamera.obj
         x64\Debug\Ability.obj
         x64\Debug\AbilityFlyIn.obj
         x64\Debug\AbilityFlyInPrefab.obj
         x64\Debug\AbilityPanelScript.obj
         x64\Debug\AfterCutscenePrompt.obj
         x64\Debug\AIEntity.obj
         x64\Debug\AlertMessage.obj
         x64\Debug\AlertMessagePrefab.obj
         x64\Debug\AOEDamage.obj
         x64\Debug\BackgroundMusic.obj
         x64\Debug\Barrier.obj
         x64\Debug\BarrierButton.obj
         x64\Debug\BaseProjectile.obj
         x64\Debug\BaseTower.obj
         x64\Debug\BaseTurret.obj
         x64\Debug\BaseWeapon.obj
         x64\Debug\BossEvent.obj
         x64\Debug\BossInfo.obj
         x64\Debug\BossMinion.obj
         x64\Debug\BossMinionMace.obj
         x64\Debug\BossShockwave.obj
         x64\Debug\BuffMinionSpawner.obj
         x64\Debug\ControllerDisconnectPrefab.obj
         x64\Debug\ControllerDisconnectScript.obj
         x64\Debug\ControlPoint.obj
         x64\Debug\ControlPointProgressBar.obj
         x64\Debug\ControlPointProgressBarPrefab.obj
         x64\Debug\CreditsMenuPrefab.obj
         x64\Debug\CreditsMenuScript.obj
         x64\Debug\Crosshair.obj
         x64\Debug\CutScene.obj
         x64\Debug\DebugProjectile.obj
         x64\Debug\DelayCredits.obj
         x64\Debug\EndGame.obj
         x64\Debug\Entity.obj
         x64\Debug\FadeAway.obj
         x64\Debug\FadeAwayEffectPrefab.obj
         x64\Debug\FirstMinion.obj
         x64\Debug\FirstTurret.obj
         x64\Debug\FirstTurretUpgrade.obj
         x64\Debug\FreezeBlastWave.obj
         x64\Debug\FreezeEffect.obj
         x64\Debug\FreezeTower.obj
         x64\Debug\FrostHUDEffect.obj
         x64\Debug\FrostHUDEffectPrefab.obj
         x64\Debug\HealthPickup.obj
         x64\Debug\HelpScreen.obj
         x64\Debug\HelpScreenPrefab.obj
         x64\Debug\LoseHUDPrefab.obj
         x64\Debug\MainBase.obj
         x64\Debug\MainMenuPrefab.obj
         x64\Debug\MainMenuScript.obj
         x64\Debug\MiniMap.obj
         x64\Debug\MiniMinion.obj
         x64\Debug\MinionBuffAbility.obj
         x64\Debug\MinionBuffEffect.obj
         x64\Debug\MinionBuffWave.obj
         x64\Debug\MinionSpawner.obj
         x64\Debug\MinionSpawnerShield.obj
         x64\Debug\MinionSpawnPoint.obj
         x64\Debug\MinionWaveSpawn.obj
         x64\Debug\MortarClusterProjectile.obj
         x64\Debug\MortarProjectile.obj
         x64\Debug\MortarTower.obj
         x64\Debug\OptionsMenuPrefab.obj
         x64\Debug\OptionsMenuScript.obj
         x64\Debug\PauseMenu.obj
         x64\Debug\PauseMenuPrefab.obj
         x64\Debug\PlasmaBlaster.obj
         x64\Debug\Player.obj
         x64\Debug\PlayerHead.obj
         x64\Debug\PlayerHUD.obj
         x64\Debug\PlayerRecall.obj
         x64\Debug\PlayerShieldScript.obj
         x64\Debug\PoisonAOEProjectile.obj
         x64\Debug\PoisonEffect.obj
         x64\Debug\PoisonSprayArea.obj
         x64\Debug\PoisonSprayProjectile.obj
         x64\Debug\PoisonTurret.obj
         x64\Debug\PopupAlert.obj
         x64\Debug\RaiseBarrier.obj
         x64\Debug\RangedMinion.obj
         x64\Debug\Resource.obj
         x64\Debug\ResourceCounter.obj
         x64\Debug\ResourceCrate.obj
         x64\Debug\ResourceCrateSpawner.obj
         x64\Debug\ShieldAbility.obj
         x64\Debug\SkipTutorial.obj
         x64\Debug\SpringArm.obj
         x64\Debug\StatusEffect.obj
         x64\Debug\StunEffect.obj
         x64\Debug\StunGernadeAbility.obj
         x64\Debug\TankMinion.obj
         x64\Debug\ToolTipManager.obj
         x64\Debug\ToolTipPrefab.obj
         x64\Debug\TowerBuildMenu.obj
         x64\Debug\TowerBuildMenuPrefab.obj
         x64\Debug\TowerDescription.obj
         x64\Debug\TowerInfo.obj
         x64\Debug\TowerNode.obj
         x64\Debug\TowerOptionsPrefab.obj
         x64\Debug\TowerOptionsScript.obj
         x64\Debug\TowerUpgradeEffect.obj
         x64\Debug\TurretProjectile.obj
         x64\Debug\TutorialPrompt.obj
         x64\Debug\WeaponBuffAbility.obj
         x64\Debug\WeaponBuffScript.obj
         x64\Debug\WinHUDPrefab.obj
         x64\Debug\FreeCameraController.obj
         x64\Debug\PlayerController.obj
         x64\Debug\SplashScreen.obj
         x64\Debug\LookAtPlayer.obj
         x64\Debug\ProtoTowers.obj
         x64\Debug\stdafx.obj
         "C:\PerforceWork\Studios\1606 - Sakaruba Studios\Space Yeti\ProtoTowers\x64\Debug\InfernoEngine.lib"
         ProtoTowers.vcxproj -> C:\PerforceWork\Studios\1606 - Sakaruba Studios\Space Yeti\ProtoTowers\x64\Debug\ProtoTowers.exe
     1>Done Building Project "C:\PerforceWork\Studios\1606 - Sakaruba Studios\Space Yeti\ProtoTowers\ProtoTowers\ProtoTowers.vcxproj" (Build target(s)).

Build succeeded.

Time Elapsed 00:00:28.47
